#
# There is insufficient memory for the Java Runtime Environment to continue.
# Native memory allocation (mmap) failed to map 262144000 bytes for committing reserved memory.
# Possible reasons:
#   The system is out of physical RAM or swap space
#   The process is running with CompressedOops enabled, and the Java Heap may be blocking the growth of the native heap
# Possible solutions:
#   Reduce memory load on the system
#   Increase physical memory or swap space
#   Check if swap backing store is full
#   Decrease Java heap size (-Xmx/-Xms)
#   Decrease number of Java threads
#   Decrease Java thread stack sizes (-Xss)
#   Set larger code cache with -XX:ReservedCodeCacheSize=
# This output file may be truncated or incomplete.
#
#  Out of Memory Error (os_linux.cpp:2718), pid=14026, tid=14044
#
# JRE version:  (11.0.2+9) (build )
# Java VM: OpenJDK 64-Bit Server VM (11.0.2+9-b159.34, mixed mode, aot, sharing, tiered, compressed oops, g1 gc, linux-amd64)
# Core dump will be written. Default location: Core dumps may be processed with "/usr/share/apport/apport %p %s %c %d %P" (or dumping to /home/bill/code/bohr/core.14026)
#

---------------  S U M M A R Y ------------

Command Line: org.jetbrains.git4idea.nativessh.GitNativeSshAskPassApp The authenticity of host 'github.com (52.74.223.119)' can't be established.
RSA key fingerprint is SHA256:nThbg6kXUpJWGl7E1IGOCspRomTxdCARLviKw6E5SY8.
Are you sure you want to continue connecting (yes/no)? 

Host: Intel(R) Xeon(R) CPU E3-1230 V2 @ 3.30GHz, 8 cores, 15G, Linux Mint 19 Tara
Time: Mon May  6 01:31:27 2019 CST elapsed time: 209 seconds (0d 0h 3m 29s)

---------------  T H R E A D  ---------------

Current thread (0x00007efe98012000):  JavaThread "Unknown thread" [_thread_in_vm, id=14044, stack(0x00007efea1383000,0x00007efea1484000)]

Stack: [0x00007efea1383000,0x00007efea1484000],  sp=0x00007efea1482200,  free space=1020k
Native frames: (J=compiled Java code, A=aot compiled Java code, j=interpreted, Vv=VM code, C=native code)
V  [libjvm.so+0xd8bbba]  VMError::report_and_die(int, char const*, char const*, __va_list_tag*, Thread*, unsigned char*, void*, void*, char const*, int, unsigned long)+0x18a
V  [libjvm.so+0xd8ca53]  VMError::report_and_die(Thread*, char const*, int, unsigned long, VMErrorType, char const*, __va_list_tag*)+0x43
V  [libjvm.so+0x69f978]  report_vm_out_of_memory(char const*, int, unsigned long, VMErrorType, char const*, ...)+0xe8
V  [libjvm.so+0xb92879]  os::pd_commit_memory_or_exit(char*, unsigned long, unsigned long, bool, char const*)+0xe9
V  [libjvm.so+0xb8a3ad]  os::commit_memory_or_exit(char*, unsigned long, unsigned long, bool, char const*)+0x1d
V  [libjvm.so+0x7991d1]  G1PageBasedVirtualSpace::commit_preferred_pages(unsigned long, unsigned long)+0x71
V  [libjvm.so+0x799325]  G1PageBasedVirtualSpace::commit_internal(unsigned long, unsigned long)+0x85
V  [libjvm.so+0x79951a]  G1PageBasedVirtualSpace::commit(unsigned long, unsigned long)+0x10a
V  [libjvm.so+0x79f066]  G1RegionsLargerThanCommitSizeMapper::commit_regions(unsigned int, unsigned long, WorkGang*)+0x46
V  [libjvm.so+0x807588]  HeapRegionManager::commit_regions(unsigned int, unsigned long, WorkGang*)+0x88
V  [libjvm.so+0x8080e4]  HeapRegionManager::make_regions_available(unsigned int, unsigned int, WorkGang*)+0x34
V  [libjvm.so+0x80847e]  HeapRegionManager::expand_at(unsigned int, unsigned int, WorkGang*) [clone .part.146]+0x7e
V  [libjvm.so+0x769a30]  G1CollectedHeap::expand(unsigned long, WorkGang*, double*)+0xc0
V  [libjvm.so+0x76a135]  G1CollectedHeap::initialize()+0x6a5
V  [libjvm.so+0xd4f551]  Universe::initialize_heap()+0x41
V  [libjvm.so+0xd4f801]  universe_init()+0x41
V  [libjvm.so+0x81d82f]  init_globals()+0x5f
V  [libjvm.so+0xd2ce6c]  Threads::create_vm(JavaVMInitArgs*, bool*)+0x3dc
V  [libjvm.so+0x8c4cdc]  JNI_CreateJavaVM+0x5c
C  [libjli.so+0x4814]  JavaMain+0x84


---------------  P R O C E S S  ---------------

Threads class SMR info:
_java_thread_list=0x0000000001424130, length=0, elements={
}

Java Threads: ( => current thread )

Other Threads:
  0x00007efe98028800 GCTaskThread "GC Thread#0" [stack: 0x00007efe9d39c000,0x00007efe9d49c000] [id=14134]
  0x00007efe98086800 ConcurrentGCThread "G1 Main Marker" [stack: 0x00007efe9c1c1000,0x00007efe9c2c1000] [id=14145]
  0x00007efe98088800 ConcurrentGCThread "G1 Conc#0" [stack: 0x00007efe9c0bf000,0x00007efe9c1bf000] [id=14148]

[error occurred during error reporting (printing all threads), id 0xb, SIGSEGV (0xb) at pc=0x00007efe9f9c20c5]

VM state:not at safepoint (not fully initialized)

VM Mutex/Monitor currently owned by a thread:  ([mutex/lock_event])
[0x00007efe9800e730] Heap_lock - owner thread: 0x00007efe98012000

Heap address: 0x0000000706200000, size: 3998 MB, Compressed Oops mode: Non-zero based: 0x0000000706200000
Narrow klass base: 0x0000000000000000, Narrow klass shift: 0

GC Heap History (0 events):
No events

Deoptimization events (0 events):
No events

Classes redefined (0 events):
No events

Internal exceptions (0 events):
No events

Events (0 events):
No events


Dynamic libraries:
00400000-00401000 r-xp 00000000 08:02 10749949                           /home/bill/soft/pycharm-community-2019.1.1/jre64/bin/java
00601000-00602000 r--p 00001000 08:02 10749949                           /home/bill/soft/pycharm-community-2019.1.1/jre64/bin/java
00602000-00603000 rw-p 00002000 08:02 10749949                           /home/bill/soft/pycharm-community-2019.1.1/jre64/bin/java
0140c000-0142d000 rw-p 00000000 00:00 0                                  [heap]
715c00000-800000000 ---p 00000000 00:00 0 
7efe6c000000-7efe6c021000 rw-p 00000000 00:00 0 
7efe6c021000-7efe70000000 ---p 00000000 00:00 0 
7efe72000000-7efe74000000 rw-p 00000000 00:00 0 
7efe74000000-7efe74021000 rw-p 00000000 00:00 0 
7efe74021000-7efe78000000 ---p 00000000 00:00 0 
7efe78310000-7efe80000000 ---p 00000000 00:00 0 
7efe80000000-7efe80021000 rw-p 00000000 00:00 0 
7efe80021000-7efe84000000 ---p 00000000 00:00 0 
7efe8420c000-7efe84d98000 rw-p 00000000 00:00 0 
7efe84d98000-7efe85d36000 ---p 00000000 00:00 0 
7efe85d36000-7efe85fa6000 rwxp 00000000 00:00 0 
7efe85fa6000-7efe862c7000 ---p 00000000 00:00 0 
7efe862c7000-7efe86537000 rwxp 00000000 00:00 0 
7efe86537000-7efe8d7fe000 ---p 00000000 00:00 0 
7efe8d7fe000-7efe8da6e000 rwxp 00000000 00:00 0 
7efe8da6e000-7efe94d36000 ---p 00000000 00:00 0 
7efe94d36000-7efe98000000 r--s 00000000 08:02 10749934                   /home/bill/soft/pycharm-community-2019.1.1/jre64/lib/modules
7efe98000000-7efe980b7000 rw-p 00000000 00:00 0 
7efe980b7000-7efe9c000000 ---p 00000000 00:00 0 
7efe9c0bd000-7efe9c0be000 ---p 00000000 00:00 0 
7efe9c0be000-7efe9c1bf000 rw-p 00000000 00:00 0 
7efe9c1bf000-7efe9c1c0000 ---p 00000000 00:00 0 
7efe9c1c0000-7efe9c3c3000 rw-p 00000000 00:00 0 
7efe9c3c3000-7efe9cb92000 ---p 00000000 00:00 0 
7efe9cb92000-7efe9d39a000 rw-p 00000000 00:00 0 
7efe9d39a000-7efe9d39b000 ---p 00000000 00:00 0 
7efe9d39b000-7efe9d4a1000 rw-p 00000000 00:00 0 
7efe9d4a1000-7efe9d587000 ---p 00000000 00:00 0 
7efe9d587000-7efe9d58c000 rw-p 00000000 00:00 0 
7efe9d58c000-7efe9d672000 ---p 00000000 00:00 0 
7efe9d672000-7efe9d677000 r-xp 00000000 08:02 10749913                   /home/bill/soft/pycharm-community-2019.1.1/jre64/lib/libjimage.so
7efe9d677000-7efe9d877000 ---p 00005000 08:02 10749913                   /home/bill/soft/pycharm-community-2019.1.1/jre64/lib/libjimage.so
7efe9d877000-7efe9d878000 r--p 00005000 08:02 10749913                   /home/bill/soft/pycharm-community-2019.1.1/jre64/lib/libjimage.so
7efe9d878000-7efe9d879000 rw-p 00006000 08:02 10749913                   /home/bill/soft/pycharm-community-2019.1.1/jre64/lib/libjimage.so
7efe9d879000-7efe9d880000 r-xp 00000000 08:02 10749933                   /home/bill/soft/pycharm-community-2019.1.1/jre64/lib/libzip.so
7efe9d880000-7efe9da7f000 ---p 00007000 08:02 10749933                   /home/bill/soft/pycharm-community-2019.1.1/jre64/lib/libzip.so
7efe9da7f000-7efe9da80000 r--p 00006000 08:02 10749933                   /home/bill/soft/pycharm-community-2019.1.1/jre64/lib/libzip.so
7efe9da80000-7efe9da81000 rw-p 00007000 08:02 10749933                   /home/bill/soft/pycharm-community-2019.1.1/jre64/lib/libzip.so
7efe9da81000-7efe9da8c000 r-xp 00000000 08:02 4723381                    /lib/x86_64-linux-gnu/libnss_files-2.27.so
7efe9da8c000-7efe9dc8b000 ---p 0000b000 08:02 4723381                    /lib/x86_64-linux-gnu/libnss_files-2.27.so
7efe9dc8b000-7efe9dc8c000 r--p 0000a000 08:02 4723381                    /lib/x86_64-linux-gnu/libnss_files-2.27.so
7efe9dc8c000-7efe9dc8d000 rw-p 0000b000 08:02 4723381                    /lib/x86_64-linux-gnu/libnss_files-2.27.so
7efe9dc8d000-7efe9dc93000 rw-p 00000000 00:00 0 
7efe9dc93000-7efe9dcaa000 r-xp 00000000 08:02 4723375                    /lib/x86_64-linux-gnu/libnsl-2.27.so
7efe9dcaa000-7efe9dea9000 ---p 00017000 08:02 4723375                    /lib/x86_64-linux-gnu/libnsl-2.27.so
7efe9dea9000-7efe9deaa000 r--p 00016000 08:02 4723375                    /lib/x86_64-linux-gnu/libnsl-2.27.so
7efe9deaa000-7efe9deab000 rw-p 00017000 08:02 4723375                    /lib/x86_64-linux-gnu/libnsl-2.27.so
7efe9deab000-7efe9dead000 rw-p 00000000 00:00 0 
7efe9dead000-7efe9deb8000 r-xp 00000000 08:02 4723392                    /lib/x86_64-linux-gnu/libnss_nis-2.27.so
7efe9deb8000-7efe9e0b7000 ---p 0000b000 08:02 4723392                    /lib/x86_64-linux-gnu/libnss_nis-2.27.so
7efe9e0b7000-7efe9e0b8000 r--p 0000a000 08:02 4723392                    /lib/x86_64-linux-gnu/libnss_nis-2.27.so
7efe9e0b8000-7efe9e0b9000 rw-p 0000b000 08:02 4723392                    /lib/x86_64-linux-gnu/libnss_nis-2.27.so
7efe9e0b9000-7efe9e0c1000 r-xp 00000000 08:02 4723377                    /lib/x86_64-linux-gnu/libnss_compat-2.27.so
7efe9e0c1000-7efe9e2c1000 ---p 00008000 08:02 4723377                    /lib/x86_64-linux-gnu/libnss_compat-2.27.so
7efe9e2c1000-7efe9e2c2000 r--p 00008000 08:02 4723377                    /lib/x86_64-linux-gnu/libnss_compat-2.27.so
7efe9e2c2000-7efe9e2c3000 rw-p 00009000 08:02 4723377                    /lib/x86_64-linux-gnu/libnss_compat-2.27.so
7efe9e2c3000-7efe9e2ec000 r-xp 00000000 08:02 10749903                   /home/bill/soft/pycharm-community-2019.1.1/jre64/lib/libjava.so
7efe9e2ec000-7efe9e4eb000 ---p 00029000 08:02 10749903                   /home/bill/soft/pycharm-community-2019.1.1/jre64/lib/libjava.so
7efe9e4eb000-7efe9e4ec000 r--p 00028000 08:02 10749903                   /home/bill/soft/pycharm-community-2019.1.1/jre64/lib/libjava.so
7efe9e4ec000-7efe9e4ee000 rw-p 00029000 08:02 10749903                   /home/bill/soft/pycharm-community-2019.1.1/jre64/lib/libjava.so
7efe9e4ee000-7efe9e4fb000 r-xp 00000000 08:02 10749932                   /home/bill/soft/pycharm-community-2019.1.1/jre64/lib/libverify.so
7efe9e4fb000-7efe9e6fa000 ---p 0000d000 08:02 10749932                   /home/bill/soft/pycharm-community-2019.1.1/jre64/lib/libverify.so
7efe9e6fa000-7efe9e6fc000 r--p 0000c000 08:02 10749932                   /home/bill/soft/pycharm-community-2019.1.1/jre64/lib/libverify.so
7efe9e6fc000-7efe9e6fd000 rw-p 0000e000 08:02 10749932                   /home/bill/soft/pycharm-community-2019.1.1/jre64/lib/libverify.so
7efe9e6fd000-7efe9e704000 r-xp 00000000 08:02 4723432                    /lib/x86_64-linux-gnu/librt-2.27.so
7efe9e704000-7efe9e903000 ---p 00007000 08:02 4723432                    /lib/x86_64-linux-gnu/librt-2.27.so
7efe9e903000-7efe9e904000 r--p 00006000 08:02 4723432                    /lib/x86_64-linux-gnu/librt-2.27.so
7efe9e904000-7efe9e905000 rw-p 00007000 08:02 4723432                    /lib/x86_64-linux-gnu/librt-2.27.so
7efe9e905000-7efe9e91c000 r-xp 00000000 08:02 4723466                    /lib/x86_64-linux-gnu/libgcc_s.so.1
7efe9e91c000-7efe9eb1b000 ---p 00017000 08:02 4723466                    /lib/x86_64-linux-gnu/libgcc_s.so.1
7efe9eb1b000-7efe9eb1c000 r--p 00016000 08:02 4723466                    /lib/x86_64-linux-gnu/libgcc_s.so.1
7efe9eb1c000-7efe9eb1d000 rw-p 00017000 08:02 4723466                    /lib/x86_64-linux-gnu/libgcc_s.so.1
7efe9eb1d000-7efe9ecba000 r-xp 00000000 08:02 4723354                    /lib/x86_64-linux-gnu/libm-2.27.so
7efe9ecba000-7efe9eeb9000 ---p 0019d000 08:02 4723354                    /lib/x86_64-linux-gnu/libm-2.27.so
7efe9eeb9000-7efe9eeba000 r--p 0019c000 08:02 4723354                    /lib/x86_64-linux-gnu/libm-2.27.so
7efe9eeba000-7efe9eebb000 rw-p 0019d000 08:02 4723354                    /lib/x86_64-linux-gnu/libm-2.27.so
7efe9eebb000-7efe9f034000 r-xp 00000000 08:02 12852712                   /usr/lib/x86_64-linux-gnu/libstdc++.so.6.0.25
7efe9f034000-7efe9f234000 ---p 00179000 08:02 12852712                   /usr/lib/x86_64-linux-gnu/libstdc++.so.6.0.25
7efe9f234000-7efe9f23e000 r--p 00179000 08:02 12852712                   /usr/lib/x86_64-linux-gnu/libstdc++.so.6.0.25
7efe9f23e000-7efe9f240000 rw-p 00183000 08:02 12852712                   /usr/lib/x86_64-linux-gnu/libstdc++.so.6.0.25
7efe9f240000-7efe9f244000 rw-p 00000000 00:00 0 
7efe9f244000-7efea02dc000 r-xp 00000000 08:02 10749945                   /home/bill/soft/pycharm-community-2019.1.1/jre64/lib/server/libjvm.so
7efea02dc000-7efea04dc000 ---p 01098000 08:02 10749945                   /home/bill/soft/pycharm-community-2019.1.1/jre64/lib/server/libjvm.so
7efea04dc000-7efea05aa000 r--p 01098000 08:02 10749945                   /home/bill/soft/pycharm-community-2019.1.1/jre64/lib/server/libjvm.so
7efea05aa000-7efea05e4000 rw-p 01166000 08:02 10749945                   /home/bill/soft/pycharm-community-2019.1.1/jre64/lib/server/libjvm.so
7efea05e4000-7efea063d000 rw-p 00000000 00:00 0 
7efea063d000-7efea0824000 r-xp 00000000 08:02 4723291                    /lib/x86_64-linux-gnu/libc-2.27.so
7efea0824000-7efea0a24000 ---p 001e7000 08:02 4723291                    /lib/x86_64-linux-gnu/libc-2.27.so
7efea0a24000-7efea0a28000 r--p 001e7000 08:02 4723291                    /lib/x86_64-linux-gnu/libc-2.27.so
7efea0a28000-7efea0a2a000 rw-p 001eb000 08:02 4723291                    /lib/x86_64-linux-gnu/libc-2.27.so
7efea0a2a000-7efea0a2e000 rw-p 00000000 00:00 0 
7efea0a2e000-7efea0a31000 r-xp 00000000 08:02 4723314                    /lib/x86_64-linux-gnu/libdl-2.27.so
7efea0a31000-7efea0c30000 ---p 00003000 08:02 4723314                    /lib/x86_64-linux-gnu/libdl-2.27.so
7efea0c30000-7efea0c31000 r--p 00002000 08:02 4723314                    /lib/x86_64-linux-gnu/libdl-2.27.so
7efea0c31000-7efea0c32000 rw-p 00003000 08:02 4723314                    /lib/x86_64-linux-gnu/libdl-2.27.so
7efea0c32000-7efea0c41000 r-xp 00000000 08:02 10749875                   /home/bill/soft/pycharm-community-2019.1.1/jre64/lib/jli/libjli.so
7efea0c41000-7efea0e40000 ---p 0000f000 08:02 10749875                   /home/bill/soft/pycharm-community-2019.1.1/jre64/lib/jli/libjli.so
7efea0e40000-7efea0e41000 r--p 0000e000 08:02 10749875                   /home/bill/soft/pycharm-community-2019.1.1/jre64/lib/jli/libjli.so
7efea0e41000-7efea0e42000 rw-p 0000f000 08:02 10749875                   /home/bill/soft/pycharm-community-2019.1.1/jre64/lib/jli/libjli.so
7efea0e42000-7efea0e5c000 r-xp 00000000 08:02 4723424                    /lib/x86_64-linux-gnu/libpthread-2.27.so
7efea0e5c000-7efea105b000 ---p 0001a000 08:02 4723424                    /lib/x86_64-linux-gnu/libpthread-2.27.so
7efea105b000-7efea105c000 r--p 00019000 08:02 4723424                    /lib/x86_64-linux-gnu/libpthread-2.27.so
7efea105c000-7efea105d000 rw-p 0001a000 08:02 4723424                    /lib/x86_64-linux-gnu/libpthread-2.27.so
7efea105d000-7efea1061000 rw-p 00000000 00:00 0 
7efea1061000-7efea107d000 r-xp 00000000 08:02 4723465                    /lib/x86_64-linux-gnu/libz.so.1.2.11
7efea107d000-7efea127c000 ---p 0001c000 08:02 4723465                    /lib/x86_64-linux-gnu/libz.so.1.2.11
7efea127c000-7efea127d000 r--p 0001b000 08:02 4723465                    /lib/x86_64-linux-gnu/libz.so.1.2.11
7efea127d000-7efea127e000 rw-p 0001c000 08:02 4723465                    /lib/x86_64-linux-gnu/libz.so.1.2.11
7efea127e000-7efea12a5000 r-xp 00000000 08:02 4723263                    /lib/x86_64-linux-gnu/ld-2.27.so
7efea1383000-7efea1387000 ---p 00000000 00:00 0 
7efea1387000-7efea1486000 rw-p 00000000 00:00 0 
7efea148d000-7efea1492000 rw-p 00000000 00:00 0 
7efea1492000-7efea1499000 ---p 00000000 00:00 0 
7efea1499000-7efea14a1000 rw-s 00000000 08:02 7210808                    /tmp/hsperfdata_root/14026
7efea14a1000-7efea14a2000 ---p 00000000 00:00 0 
7efea14a2000-7efea14a3000 r--p 00000000 00:00 0 
7efea14a3000-7efea14a5000 rw-p 00000000 00:00 0 
7efea14a5000-7efea14a6000 r--p 00027000 08:02 4723263                    /lib/x86_64-linux-gnu/ld-2.27.so
7efea14a6000-7efea14a7000 rw-p 00028000 08:02 4723263                    /lib/x86_64-linux-gnu/ld-2.27.so
7efea14a7000-7efea14a8000 rw-p 00000000 00:00 0 
7ffc19c80000-7ffc19ca1000 rw-p 00000000 00:00 0                          [stack]
7ffc19d32000-7ffc19d35000 r--p 00000000 00:00 0                          [vvar]
7ffc19d35000-7ffc19d37000 r-xp 00000000 00:00 0                          [vdso]
ffffffffff600000-ffffffffff601000 r-xp 00000000 00:00 0                  [vsyscall]


VM Arguments:
java_command: org.jetbrains.git4idea.nativessh.GitNativeSshAskPassApp The authenticity of host 'github.com (52.74.223.119)' can't be established.
RSA key fingerprint is SHA256:nThbg6kXUpJWGl7E1IGOCspRomTxdCARLviKw6E5SY8.
Are you sure you want to continue connecting (yes/no)? 
java_class_path (initial): /home/bill/soft/pycharm-community-2019.1.1/plugins/git4idea/lib/git4idea-rt.jar:/home/bill/soft/pycharm-community-2019.1.1/lib/xmlrpc-2.0.1.jar:/home/bill/soft/pycharm-community-2019.1.1/lib/commons-codec-1.10.jar:/home/bill/soft/pycharm-community-2019.1.1/lib/util.jar
Launcher Type: SUN_STANDARD

[Global flags]
     intx CICompilerCount                          = 4                                         {product} {ergonomic}
     uint ConcGCThreads                            = 2                                         {product} {ergonomic}
     uint G1ConcRefinementThreads                  = 8                                         {product} {ergonomic}
   size_t G1HeapRegionSize                         = 1048576                                   {product} {ergonomic}
    uintx GCDrainStackTargetSize                   = 64                                        {product} {ergonomic}
   size_t InitialHeapSize                          = 262144000                                 {product} {ergonomic}
   size_t MarkStackSize                            = 4194304                                   {product} {ergonomic}
   size_t MaxHeapSize                              = 4192206848                                {product} {ergonomic}
   size_t MinHeapDeltaBytes                        = 1048576                                   {product} {ergonomic}
    uintx NonNMethodCodeHeapSize                   = 5835340                                {pd product} {ergonomic}
    uintx NonProfiledCodeHeapSize                  = 122911450                              {pd product} {ergonomic}
    uintx ProfiledCodeHeapSize                     = 122911450                              {pd product} {ergonomic}
    uintx ReservedCodeCacheSize                    = 251658240                              {pd product} {ergonomic}
     bool SegmentedCodeCache                       = true                                      {product} {ergonomic}
     bool UseCompressedClassPointers               = true                                 {lp64_product} {ergonomic}
     bool UseCompressedOops                        = true                                 {lp64_product} {ergonomic}
     bool UseG1GC                                  = true                                      {product} {ergonomic}

Logging:
Log output configuration:
 #0: stdout all=warning uptime,level,tags
 #1: stderr all=off uptime,level,tags

Environment Variables:
PATH=/usr/lib/git-core:/usr/local/sbin:/usr/local/bin:/usr/sbin:/usr/bin:/sbin:/bin:/snap/bin
USERNAME=root
SHELL=/bin/bash
DISPLAY=:0

Signal Handlers:
SIGSEGV: [libjvm.so+0xd8cab0], sa_mask[0]=11111111011111111101111111111110, sa_flags=SA_RESTART|SA_SIGINFO
SIGBUS: [libjvm.so+0xd8cab0], sa_mask[0]=11111111011111111101111111111110, sa_flags=SA_RESTART|SA_SIGINFO
SIGFPE: [libjvm.so+0xd8cab0], sa_mask[0]=11111111011111111101111111111110, sa_flags=SA_RESTART|SA_SIGINFO
SIGPIPE: [libjvm.so+0xb8e900], sa_mask[0]=11111111011111111101111111111110, sa_flags=SA_RESTART|SA_SIGINFO
SIGXFSZ: [libjvm.so+0xb8e900], sa_mask[0]=11111111011111111101111111111110, sa_flags=SA_RESTART|SA_SIGINFO
SIGILL: [libjvm.so+0xd8cab0], sa_mask[0]=11111111011111111101111111111110, sa_flags=SA_RESTART|SA_SIGINFO
SIGUSR2: [libjvm.so+0xb8e7a0], sa_mask[0]=00100000000000000000000000000000, sa_flags=SA_RESTART|SA_SIGINFO
SIGHUP: SIG_DFL, sa_mask[0]=00000000000000000000000000000000, sa_flags=none
SIGINT: SIG_DFL, sa_mask[0]=00000000000000000000000000000000, sa_flags=none
SIGTERM: SIG_DFL, sa_mask[0]=00000000000000000000000000000000, sa_flags=none
SIGQUIT: SIG_DFL, sa_mask[0]=00000000000000000000000000000000, sa_flags=none


---------------  S Y S T E M  ---------------

OS:DISTRIB_ID=LinuxMint
DISTRIB_RELEASE=19
DISTRIB_CODENAME=tara
DISTRIB_DESCRIPTION="Linux Mint 19 Tara"
uname:Linux 4.15.0-47-generic #50-Ubuntu SMP Wed Mar 13 10:44:52 UTC 2019 x86_64
libc:glibc 2.27 NPTL 2.27 
rlimit: STACK 8192k, CORE 0k, NPROC 62881, NOFILE 4096, AS infinity, DATA infinity, FSIZE infinity
load average:103.24 115.89 73.53

/proc/meminfo:
MemTotal:       16373368 kB
MemFree:          151792 kB
MemAvailable:      59884 kB
Buffers:            3360 kB
Cached:           544604 kB
SwapCached:         3308 kB
Active:         14049908 kB
Inactive:        1614564 kB
Active(anon):   14036892 kB
Inactive(anon):  1598040 kB
Active(file):      13016 kB
Inactive(file):    16524 kB
Unevictable:          16 kB
Mlocked:              16 kB
SwapTotal:       2097148 kB
SwapFree:              0 kB
Dirty:               140 kB
Writeback:             0 kB
AnonPages:      15114508 kB
Mapped:           446136 kB
Shmem:            517396 kB
Slab:             271040 kB
SReclaimable:     120948 kB
SUnreclaim:       150092 kB
KernelStack:       27104 kB
PageTables:       130056 kB
NFS_Unstable:          0 kB
Bounce:                0 kB
WritebackTmp:          0 kB
CommitLimit:    10283832 kB
Committed_AS:   30485840 kB
VmallocTotal:   34359738367 kB
VmallocUsed:           0 kB
VmallocChunk:          0 kB
HardwareCorrupted:     0 kB
AnonHugePages:         0 kB
ShmemHugePages:        0 kB
ShmemPmdMapped:        0 kB
CmaTotal:              0 kB
CmaFree:               0 kB
HugePages_Total:       0
HugePages_Free:        0
HugePages_Rsvd:        0
HugePages_Surp:        0
Hugepagesize:       2048 kB
DirectMap4k:     3515888 kB
DirectMap2M:    13209600 kB


/proc/sys/kernel/threads-max (system-wide limit on the number of threads):
125762


/proc/sys/vm/max_map_count (maximum number of memory map areas a process may have):
65530


/proc/sys/kernel/pid_max (system-wide limit on number of process identifiers):
32768



container (cgroup) information:
container_type: cgroupv1
cpu_cpuset_cpus: 0-7
cpu_memory_nodes: 0
active_processor_count: 8
cpu_quota: -1
cpu_period: 100000
cpu_shares: -1
memory_limit_in_bytes: -1
memory_and_swap_limit_in_bytes: -2
memory_soft_limit_in_bytes: -1
memory_usage_in_bytes: 15592656896
memory_max_usage_in_bytes: 15606874112


CPU:total 8 (initial active 8) (4 cores per cpu, 2 threads per core) family 6 model 58 stepping 9, cmov, cx8, fxsr, mmx, sse, sse2, sse3, ssse3, sse4.1, sse4.2, popcnt, avx, aes, clmul, erms, ht, tsc, tscinvbit, tscinv
CPU Model and flags from /proc/cpuinfo:
model name	: Intel(R) Xeon(R) CPU E3-1230 V2 @ 3.30GHz
flags		: fpu vme de pse tsc msr pae mce cx8 apic sep mtrr pge mca cmov pat pse36 clflush dts acpi mmx fxsr sse sse2 ss ht tm pbe syscall nx rdtscp lm constant_tsc arch_perfmon pebs bts rep_good nopl xtopology nonstop_tsc cpuid aperfmperf pni pclmulqdq dtes64 monitor ds_cpl vmx smx est tm2 ssse3 cx16 xtpr pdcm pcid sse4_1 sse4_2 x2apic popcnt tsc_deadline_timer aes xsave avx f16c rdrand lahf_lm cpuid_fault epb pti ssbd ibrs ibpb stibp tpr_shadow vnmi flexpriority ept vpid fsgsbase smep erms xsaveopt dtherm ida arat pln pts flush_l1d

Memory: 4k page, physical 16373368k(152508k free), swap 2097148k(4k free)

vm_info: OpenJDK 64-Bit Server VM (11.0.2+9-b159.34) for linux-amd64 JRE (11.0.2+9-b159.34), built on Mar 26 2019 09:50:43 by "" with gcc 4.8.5 20150623 (Red Hat 4.8.5-28)

END.
